2024-03-10 19:21:52,665 INFO Set uid to user 0 succeeded
2024-03-10 19:21:52,681 CRIT Server 'unix_http_server' running without any HTTP authentication checking
2024-03-10 19:21:52,684 INFO supervisord started with pid 1
2024-03-10 19:21:53,690 INFO spawned: 'nginx' with pid 9
2024-03-10 19:21:53,712 INFO spawned: 'php-fpm' with pid 10
2024-03-10 19:21:55,367 INFO success: nginx entered RUNNING state, process has stayed up for > than 1 seconds (startsecs)
2024-03-10 19:21:55,370 INFO success: php-fpm entered RUNNING state, process has stayed up for > than 1 seconds (startsecs)
2024-03-10 19:28:58,569 WARN received SIGQUIT indicating exit request
2024-03-10 19:28:58,577 INFO waiting for nginx, php-fpm to die
2024-03-10 19:28:58,595 INFO stopped: php-fpm (exit status 0)
2024-03-10 19:28:58,756 INFO stopped: nginx (exit status 0)
2024-03-10 19:29:12,000 INFO Set uid to user 0 succeeded
2024-03-10 19:29:12,013 CRIT Server 'unix_http_server' running without any HTTP authentication checking
2024-03-10 19:29:12,017 INFO supervisord started with pid 1
2024-03-10 19:29:13,019 INFO spawned: 'nginx' with pid 15
2024-03-10 19:29:13,021 INFO spawned: 'php-fpm' with pid 16
2024-03-10 19:29:14,095 INFO success: nginx entered RUNNING state, process has stayed up for > than 1 seconds (startsecs)
2024-03-10 19:29:14,095 INFO success: php-fpm entered RUNNING state, process has stayed up for > than 1 seconds (startsecs)
2024-03-10 19:57:47,538 WARN received SIGQUIT indicating exit request
2024-03-10 19:57:47,557 INFO waiting for nginx, php-fpm to die
2024-03-10 19:57:47,654 INFO stopped: php-fpm (exit status 0)
2024-03-10 19:57:47,818 INFO stopped: nginx (exit status 0)
2024-03-10 19:57:59,860 INFO Set uid to user 0 succeeded
2024-03-10 19:57:59,867 CRIT Server 'unix_http_server' running without any HTTP authentication checking
2024-03-10 19:57:59,870 INFO supervisord started with pid 1
2024-03-10 19:58:00,873 INFO spawned: 'nginx' with pid 15
2024-03-10 19:58:00,875 INFO spawned: 'php-fpm' with pid 16
2024-03-10 19:58:01,914 INFO success: nginx entered RUNNING state, process has stayed up for > than 1 seconds (startsecs)
2024-03-10 19:58:01,914 INFO success: php-fpm entered RUNNING state, process has stayed up for > than 1 seconds (startsecs)
2024-03-10 19:59:32,509 WARN received SIGQUIT indicating exit request
2024-03-10 19:59:32,510 INFO waiting for nginx, php-fpm to die
2024-03-10 19:59:32,516 INFO stopped: php-fpm (exit status 0)
2024-03-10 19:59:32,656 INFO stopped: nginx (exit status 0)
2024-03-10 19:59:44,501 INFO Set uid to user 0 succeeded
2024-03-10 19:59:44,508 CRIT Server 'unix_http_server' running without any HTTP authentication checking
2024-03-10 19:59:44,511 INFO supervisord started with pid 1
2024-03-10 19:59:45,514 INFO spawned: 'nginx' with pid 15
2024-03-10 19:59:45,515 INFO spawned: 'php-fpm' with pid 16
2024-03-10 19:59:46,545 INFO success: nginx entered RUNNING state, process has stayed up for > than 1 seconds (startsecs)
2024-03-10 19:59:46,546 INFO success: php-fpm entered RUNNING state, process has stayed up for > than 1 seconds (startsecs)
2024-03-10 20:21:39,652 WARN received SIGQUIT indicating exit request
2024-03-10 20:21:39,672 INFO waiting for nginx, php-fpm to die
2024-03-10 20:21:39,708 INFO stopped: php-fpm (exit status 0)
2024-03-10 20:21:39,832 INFO stopped: nginx (exit status 0)
2024-03-10 20:21:51,533 INFO Set uid to user 0 succeeded
2024-03-10 20:21:51,544 CRIT Server 'unix_http_server' running without any HTTP authentication checking
2024-03-10 20:21:51,547 INFO supervisord started with pid 1
2024-03-10 20:21:52,552 INFO spawned: 'nginx' with pid 15
2024-03-10 20:21:52,558 INFO spawned: 'php-fpm' with pid 16
2024-03-10 20:21:53,603 INFO success: nginx entered RUNNING state, process has stayed up for > than 1 seconds (startsecs)
2024-03-10 20:21:53,603 INFO success: php-fpm entered RUNNING state, process has stayed up for > than 1 seconds (startsecs)
2024-03-10 20:26:06,529 WARN received SIGQUIT indicating exit request
2024-03-10 20:26:06,530 INFO waiting for nginx, php-fpm to die
2024-03-10 20:26:06,543 INFO stopped: php-fpm (exit status 0)
2024-03-10 20:26:06,701 INFO stopped: nginx (exit status 0)
2024-03-10 20:26:18,053 INFO Set uid to user 0 succeeded
2024-03-10 20:26:18,057 CRIT Server 'unix_http_server' running without any HTTP authentication checking
2024-03-10 20:26:18,061 INFO supervisord started with pid 1
2024-03-10 20:26:19,065 INFO spawned: 'nginx' with pid 15
2024-03-10 20:26:19,072 INFO spawned: 'php-fpm' with pid 16
2024-03-10 20:26:20,112 INFO success: nginx entered RUNNING state, process has stayed up for > than 1 seconds (startsecs)
2024-03-10 20:26:20,113 INFO success: php-fpm entered RUNNING state, process has stayed up for > than 1 seconds (startsecs)
2024-03-10 20:27:25,606 WARN received SIGQUIT indicating exit request
2024-03-10 20:27:25,608 INFO waiting for nginx, php-fpm to die
2024-03-10 20:27:25,633 INFO stopped: php-fpm (exit status 0)
2024-03-10 20:27:25,754 INFO stopped: nginx (exit status 0)
2024-03-10 20:27:37,520 INFO Set uid to user 0 succeeded
2024-03-10 20:27:37,527 CRIT Server 'unix_http_server' running without any HTTP authentication checking
2024-03-10 20:27:37,530 INFO supervisord started with pid 1
2024-03-10 20:27:38,535 INFO spawned: 'nginx' with pid 15
2024-03-10 20:27:38,545 INFO spawned: 'php-fpm' with pid 16
2024-03-10 20:27:39,573 INFO success: nginx entered RUNNING state, process has stayed up for > than 1 seconds (startsecs)
2024-03-10 20:27:39,573 INFO success: php-fpm entered RUNNING state, process has stayed up for > than 1 seconds (startsecs)
2024-03-10 20:28:18,614 WARN received SIGQUIT indicating exit request
2024-03-10 20:28:18,616 INFO waiting for nginx, php-fpm to die
2024-03-10 20:28:18,636 INFO stopped: php-fpm (exit status 0)
2024-03-10 20:28:18,784 INFO stopped: nginx (exit status 0)
2024-03-10 20:28:30,179 INFO Set uid to user 0 succeeded
2024-03-10 20:28:30,186 CRIT Server 'unix_http_server' running without any HTTP authentication checking
2024-03-10 20:28:30,189 INFO supervisord started with pid 1
2024-03-10 20:28:31,191 INFO spawned: 'nginx' with pid 45
2024-03-10 20:28:31,193 INFO spawned: 'php-fpm' with pid 46
2024-03-10 20:28:32,221 INFO success: nginx entered RUNNING state, process has stayed up for > than 1 seconds (startsecs)
2024-03-10 20:28:32,222 INFO success: php-fpm entered RUNNING state, process has stayed up for > than 1 seconds (startsecs)
2024-03-10 20:31:43,582 WARN received SIGQUIT indicating exit request
2024-03-10 20:31:43,584 INFO waiting for nginx, php-fpm to die
2024-03-10 20:31:43,599 INFO stopped: php-fpm (exit status 0)
2024-03-10 20:31:43,761 INFO stopped: nginx (exit status 0)
2024-03-10 20:31:55,616 INFO Set uid to user 0 succeeded
2024-03-10 20:31:55,625 CRIT Server 'unix_http_server' running without any HTTP authentication checking
2024-03-10 20:31:55,628 INFO supervisord started with pid 1
2024-03-10 20:31:56,633 INFO spawned: 'nginx' with pid 15
2024-03-10 20:31:56,645 INFO spawned: 'php-fpm' with pid 16
2024-03-10 20:31:57,672 INFO success: nginx entered RUNNING state, process has stayed up for > than 1 seconds (startsecs)
2024-03-10 20:31:57,672 INFO success: php-fpm entered RUNNING state, process has stayed up for > than 1 seconds (startsecs)
2024-03-10 20:33:26,608 WARN received SIGQUIT indicating exit request
2024-03-10 20:33:26,609 INFO waiting for nginx, php-fpm to die
2024-03-10 20:33:26,629 INFO stopped: php-fpm (exit status 0)
2024-03-10 20:33:26,763 INFO stopped: nginx (exit status 0)
2024-03-10 20:33:38,607 INFO Set uid to user 0 succeeded
2024-03-10 20:33:38,612 CRIT Server 'unix_http_server' running without any HTTP authentication checking
2024-03-10 20:33:38,614 INFO supervisord started with pid 1
2024-03-10 20:33:39,617 INFO spawned: 'nginx' with pid 16
2024-03-10 20:33:39,620 INFO spawned: 'php-fpm' with pid 17
2024-03-10 20:33:40,640 INFO success: nginx entered RUNNING state, process has stayed up for > than 1 seconds (startsecs)
2024-03-10 20:33:40,640 INFO success: php-fpm entered RUNNING state, process has stayed up for > than 1 seconds (startsecs)
2024-03-10 20:33:44,014 WARN received SIGQUIT indicating exit request
2024-03-10 20:33:44,015 INFO waiting for nginx, php-fpm to die
2024-03-10 20:33:44,020 INFO stopped: php-fpm (exit status 0)
2024-03-10 20:33:44,143 INFO stopped: nginx (exit status 0)
2024-03-10 20:33:55,600 INFO Set uid to user 0 succeeded
2024-03-10 20:33:55,607 CRIT Server 'unix_http_server' running without any HTTP authentication checking
2024-03-10 20:33:55,610 INFO supervisord started with pid 1
2024-03-10 20:33:56,615 INFO spawned: 'nginx' with pid 15
2024-03-10 20:33:56,624 INFO spawned: 'php-fpm' with pid 16
2024-03-10 20:33:57,652 INFO success: nginx entered RUNNING state, process has stayed up for > than 1 seconds (startsecs)
2024-03-10 20:33:57,652 INFO success: php-fpm entered RUNNING state, process has stayed up for > than 1 seconds (startsecs)
2024-03-10 20:37:53,650 WARN received SIGQUIT indicating exit request
2024-03-10 20:37:53,650 INFO waiting for nginx, php-fpm to die
2024-03-10 20:37:53,656 INFO stopped: php-fpm (exit status 0)
2024-03-10 20:37:53,783 INFO stopped: nginx (exit status 0)
2024-03-10 20:39:19,877 INFO Set uid to user 0 succeeded
2024-03-10 20:39:19,885 CRIT Server 'unix_http_server' running without any HTTP authentication checking
2024-03-10 20:39:19,888 INFO supervisord started with pid 1
2024-03-10 20:39:20,891 INFO spawned: 'nginx' with pid 21
2024-03-10 20:39:20,893 INFO spawned: 'php-fpm' with pid 22
2024-03-10 20:39:21,919 INFO success: nginx entered RUNNING state, process has stayed up for > than 1 seconds (startsecs)
2024-03-10 20:39:21,920 INFO success: php-fpm entered RUNNING state, process has stayed up for > than 1 seconds (startsecs)
2024-03-10 20:41:18,633 WARN received SIGQUIT indicating exit request
2024-03-10 20:41:18,635 INFO waiting for nginx, php-fpm to die
2024-03-10 20:41:18,660 INFO stopped: php-fpm (exit status 0)
2024-03-10 20:41:18,805 INFO stopped: nginx (exit status 0)
2024-03-10 20:42:01,228 INFO Set uid to user 0 succeeded
2024-03-10 20:42:01,246 CRIT Server 'unix_http_server' running without any HTTP authentication checking
2024-03-10 20:42:01,248 INFO supervisord started with pid 1
2024-03-10 20:42:02,251 INFO spawned: 'nginx' with pid 52
2024-03-10 20:42:02,253 INFO spawned: 'php-fpm' with pid 53
2024-03-10 20:42:03,307 INFO success: nginx entered RUNNING state, process has stayed up for > than 1 seconds (startsecs)
2024-03-10 20:42:03,307 INFO success: php-fpm entered RUNNING state, process has stayed up for > than 1 seconds (startsecs)
2024-03-10 20:45:27,585 WARN received SIGQUIT indicating exit request
2024-03-10 20:45:27,585 INFO waiting for nginx, php-fpm to die
2024-03-10 20:45:27,591 INFO stopped: php-fpm (exit status 0)
2024-03-10 20:45:27,712 INFO stopped: nginx (exit status 0)
2024-03-10 20:46:46,103 INFO Set uid to user 0 succeeded
2024-03-10 20:46:46,109 CRIT Server 'unix_http_server' running without any HTTP authentication checking
2024-03-10 20:46:46,111 INFO supervisord started with pid 1
2024-03-10 20:46:47,116 INFO spawned: 'nginx' with pid 15
2024-03-10 20:46:47,124 INFO spawned: 'php-fpm' with pid 16
2024-03-10 20:46:48,160 INFO success: nginx entered RUNNING state, process has stayed up for > than 1 seconds (startsecs)
2024-03-10 20:46:48,160 INFO success: php-fpm entered RUNNING state, process has stayed up for > than 1 seconds (startsecs)
2024-03-10 20:49:57,533 WARN received SIGQUIT indicating exit request
2024-03-10 20:49:57,536 INFO waiting for nginx, php-fpm to die
2024-03-10 20:49:57,553 INFO stopped: php-fpm (exit status 0)
2024-03-10 20:49:57,702 INFO stopped: nginx (exit status 0)
2024-03-10 20:50:08,877 INFO Set uid to user 0 succeeded
2024-03-10 20:50:08,884 CRIT Server 'unix_http_server' running without any HTTP authentication checking
2024-03-10 20:50:08,886 INFO supervisord started with pid 1
2024-03-10 20:50:09,888 INFO spawned: 'nginx' with pid 15
2024-03-10 20:50:09,892 INFO spawned: 'php-fpm' with pid 16
2024-03-10 20:50:10,917 INFO success: nginx entered RUNNING state, process has stayed up for > than 1 seconds (startsecs)
2024-03-10 20:50:10,918 INFO success: php-fpm entered RUNNING state, process has stayed up for > than 1 seconds (startsecs)
2024-03-10 20:53:14,621 WARN received SIGQUIT indicating exit request
2024-03-10 20:53:14,622 INFO waiting for nginx, php-fpm to die
2024-03-10 20:53:14,653 INFO stopped: php-fpm (exit status 0)
2024-03-10 20:53:14,761 INFO stopped: nginx (exit status 0)
2024-03-10 20:53:28,024 INFO Set uid to user 0 succeeded
2024-03-10 20:53:28,029 CRIT Server 'unix_http_server' running without any HTTP authentication checking
2024-03-10 20:53:28,031 INFO supervisord started with pid 1
2024-03-10 20:53:29,034 INFO spawned: 'nginx' with pid 55
2024-03-10 20:53:29,036 INFO spawned: 'php-fpm' with pid 56
2024-03-10 20:53:30,064 INFO success: nginx entered RUNNING state, process has stayed up for > than 1 seconds (startsecs)
2024-03-10 20:53:30,064 INFO success: php-fpm entered RUNNING state, process has stayed up for > than 1 seconds (startsecs)
2024-03-10 21:19:38,617 WARN received SIGQUIT indicating exit request
2024-03-10 21:19:38,632 INFO waiting for nginx, php-fpm to die
2024-03-10 21:19:38,699 INFO stopped: php-fpm (exit status 0)
2024-03-10 21:19:38,861 INFO stopped: nginx (exit status 0)
2024-03-10 21:19:54,607 INFO Set uid to user 0 succeeded
2024-03-10 21:19:54,617 CRIT Server 'unix_http_server' running without any HTTP authentication checking
2024-03-10 21:19:54,620 INFO supervisord started with pid 1
2024-03-10 21:19:55,623 INFO spawned: 'nginx' with pid 15
2024-03-10 21:19:55,624 INFO spawned: 'php-fpm' with pid 16
2024-03-10 21:19:56,729 INFO success: nginx entered RUNNING state, process has stayed up for > than 1 seconds (startsecs)
2024-03-10 21:19:56,730 INFO success: php-fpm entered RUNNING state, process has stayed up for > than 1 seconds (startsecs)
2024-03-10 21:21:48,553 WARN received SIGQUIT indicating exit request
2024-03-10 21:21:48,555 INFO waiting for nginx, php-fpm to die
2024-03-10 21:21:48,570 INFO stopped: php-fpm (exit status 0)
2024-03-10 21:21:48,664 INFO stopped: nginx (exit status 0)
2024-03-10 21:22:02,183 INFO Set uid to user 0 succeeded
2024-03-10 21:22:02,191 CRIT Server 'unix_http_server' running without any HTTP authentication checking
2024-03-10 21:22:02,193 INFO supervisord started with pid 1
2024-03-10 21:22:03,196 INFO spawned: 'nginx' with pid 15
2024-03-10 21:22:03,198 INFO spawned: 'php-fpm' with pid 16
2024-03-10 21:22:04,232 INFO success: nginx entered RUNNING state, process has stayed up for > than 1 seconds (startsecs)
2024-03-10 21:22:04,232 INFO success: php-fpm entered RUNNING state, process has stayed up for > than 1 seconds (startsecs)
